# JRE version: Java(TM) SE Runtime Environment (7.0_65-b17) (build 1.7.0_65-b17)
# Java VM: Java HotSpot(TM) 64-Bit Server VM (24.65-b04 mixed mode linux-amd64 compressed oops)
Heap
 PSYoungGen      total 62976K, used 30944K [0x00000007acc00000, 0x00000007b1280000, 0x0000000800000000)
  eden space 55808K, 55% used [0x00000007acc00000,0x00000007aea201c0,0x00000007b0280000)
  from space 7168K, 1% used [0x00000007b0b80000,0x00000007b0b98000,0x00000007b1280000)
  to   space 8192K, 0% used [0x00000007b0280000,0x00000007b0280000,0x00000007b0a80000)
 ParOldGen       total 170496K, used 4171K [0x0000000706400000, 0x0000000710a80000, 0x00000007acc00000)
  object space 170496K, 2% used [0x0000000706400000,0x0000000706812f50,0x0000000710a80000)
 PSPermGen       total 21504K, used 17001K [0x0000000701200000, 0x0000000702700000, 0x0000000706400000)
  object space 21504K, 79% used [0x0000000701200000,0x000000070229a440,0x0000000702700000)
GC Heap History (10 events):
Event: 12,193 GC heap before
{Heap before GC invocations=8 (full 0):
 PSYoungGen      total 61440K, used 61056K [0x00000007acc00000, 0x00000007b1680000, 0x0000000800000000)
  eden space 60928K, 100% used [0x00000007acc00000,0x00000007b0780000,0x00000007b0780000)
  from space 512K, 25% used [0x00000007b0880000,0x00000007b08a0000,0x00000007b0900000)
  to   space 7680K, 0% used [0x00000007b0f00000,0x00000007b0f00000,0x00000007b1680000)
 ParOldGen       total 170496K, used 4155K [0x0000000706400000, 0x0000000710a80000, 0x00000007acc00000)
  object space 170496K, 2% used [0x0000000706400000,0x000000070680ef50,0x0000000710a80000)
 PSPermGen       total 21504K, used 16975K [0x0000000701200000, 0x0000000702700000, 0x0000000706400000)
  object space 21504K, 78% used [0x0000000701200000,0x0000000702293f88,0x0000000702700000)
Event: 12,195 GC heap after
Heap after GC invocations=8 (full 0):
 PSYoungGen      total 67584K, used 96K [0x00000007acc00000, 0x00000007b1680000, 0x0000000800000000)
  eden space 59904K, 0% used [0x00000007acc00000,0x00000007acc00000,0x00000007b0680000)
  from space 7680K, 1% used [0x00000007b0f00000,0x00000007b0f18000,0x00000007b1680000)
  to   space 8192K, 0% used [0x00000007b0680000,0x00000007b0680000,0x00000007b0e80000)
 ParOldGen       total 170496K, used 4155K [0x0000000706400000, 0x0000000710a80000, 0x00000007acc00000)
  object space 170496K, 2% used [0x0000000706400000,0x000000070680ef50,0x0000000710a80000)
 PSPermGen       total 21504K, used 16975K [0x0000000701200000, 0x0000000702700000, 0x0000000706400000)
  object space 21504K, 78% used [0x0000000701200000,0x0000000702293f88,0x0000000702700000)
}
Event: 12,924 GC heap before
{Heap before GC invocations=9 (full 0):
 PSYoungGen      total 67584K, used 60000K [0x00000007acc00000, 0x00000007b1680000, 0x0000000800000000)
  eden space 59904K, 100% used [0x00000007acc00000,0x00000007b0680000,0x00000007b0680000)
  from space 7680K, 1% used [0x00000007b0f00000,0x00000007b0f18000,0x00000007b1680000)
  to   space 8192K, 0% used [0x00000007b0680000,0x00000007b0680000,0x00000007b0e80000)
 ParOldGen       total 170496K, used 4155K [0x0000000706400000, 0x0000000710a80000, 0x00000007acc00000)
  object space 170496K, 2% used [0x0000000706400000,0x000000070680ef50,0x0000000710a80000)
 PSPermGen       total 21504K, used 16976K [0x0000000701200000, 0x0000000702700000, 0x0000000706400000)
  object space 21504K, 78% used [0x0000000701200000,0x0000000702294250,0x0000000702700000)
Event: 12,925 GC heap after
Heap after GC invocations=9 (full 0):
 PSYoungGen      total 59392K, used 96K [0x00000007acc00000, 0x00000007b1580000, 0x0000000800000000)
  eden space 58880K, 0% used [0x00000007acc00000,0x00000007acc00000,0x00000007b0580000)
  from space 512K, 18% used [0x00000007b0680000,0x00000007b0698000,0x00000007b0700000)
  to   space 8192K, 0% used [0x00000007b0d80000,0x00000007b0d80000,0x00000007b1580000)
 ParOldGen       total 170496K, used 4163K [0x0000000706400000, 0x0000000710a80000, 0x00000007acc00000)
  object space 170496K, 2% used [0x0000000706400000,0x0000000706810f50,0x0000000710a80000)
 PSPermGen       total 21504K, used 16976K [0x0000000701200000, 0x0000000702700000, 0x0000000706400000)
  object space 21504K, 78% used [0x0000000701200000,0x0000000702294250,0x0000000702700000)
}
Event: 13,598 GC heap before
{Heap before GC invocations=10 (full 0):
 PSYoungGen      total 59392K, used 58976K [0x00000007acc00000, 0x00000007b1580000, 0x0000000800000000)
  eden space 58880K, 100% used [0x00000007acc00000,0x00000007b0580000,0x00000007b0580000)
  from space 512K, 18% used [0x00000007b0680000,0x00000007b0698000,0x00000007b0700000)
  to   space 8192K, 0% used [0x00000007b0d80000,0x00000007b0d80000,0x00000007b1580000)
 ParOldGen       total 170496K, used 4163K [0x0000000706400000, 0x0000000710a80000, 0x00000007acc00000)
  object space 170496K, 2% used [0x0000000706400000,0x0000000706810f50,0x0000000710a80000)
 PSPermGen       total 21504K, used 16976K [0x0000000701200000, 0x0000000702700000, 0x0000000706400000)
  object space 21504K, 78% used [0x0000000701200000,0x0000000702294358,0x0000000702700000)
Event: 13,600 GC heap after
Heap after GC invocations=10 (full 0):
 PSYoungGen      total 66048K, used 96K [0x00000007acc00000, 0x00000007b1580000, 0x0000000800000000)
  eden space 57856K, 0% used [0x00000007acc00000,0x00000007acc00000,0x00000007b0480000)
  from space 8192K, 1% used [0x00000007b0d80000,0x00000007b0d98000,0x00000007b1580000)
  to   space 8704K, 0% used [0x00000007b0480000,0x00000007b0480000,0x00000007b0d00000)
 ParOldGen       total 170496K, used 4171K [0x0000000706400000, 0x0000000710a80000, 0x00000007acc00000)
  object space 170496K, 2% used [0x0000000706400000,0x0000000706812f50,0x0000000710a80000)
 PSPermGen       total 21504K, used 16976K [0x0000000701200000, 0x0000000702700000, 0x0000000706400000)
  object space 21504K, 78% used [0x0000000701200000,0x0000000702294358,0x0000000702700000)
}
Event: 14,300 GC heap before
{Heap before GC invocations=11 (full 0):
 PSYoungGen      total 66048K, used 57952K [0x00000007acc00000, 0x00000007b1580000, 0x0000000800000000)
  eden space 57856K, 100% used [0x00000007acc00000,0x00000007b0480000,0x00000007b0480000)
  from space 8192K, 1% used [0x00000007b0d80000,0x00000007b0d98000,0x00000007b1580000)
  to   space 8704K, 0% used [0x00000007b0480000,0x00000007b0480000,0x00000007b0d00000)
 ParOldGen       total 170496K, used 4171K [0x0000000706400000, 0x0000000710a80000, 0x00000007acc00000)
  object space 170496K, 2% used [0x0000000706400000,0x0000000706812f50,0x0000000710a80000)
 PSPermGen       total 21504K, used 16978K [0x0000000701200000, 0x0000000702700000, 0x0000000706400000)
  object space 21504K, 78% used [0x0000000701200000,0x0000000702294920,0x0000000702700000)
Event: 14,302 GC heap after
Heap after GC invocations=11 (full 0):
 PSYoungGen      total 57344K, used 128K [0x00000007acc00000, 0x00000007b1380000, 0x0000000800000000)
  eden space 56832K, 0% used [0x00000007acc00000,0x00000007acc00000,0x00000007b0380000)
  from space 512K, 25% used [0x00000007b0480000,0x00000007b04a0000,0x00000007b0500000)
  to   space 8192K, 0% used [0x00000007b0b80000,0x00000007b0b80000,0x00000007b1380000)
 ParOldGen       total 170496K, used 4171K [0x0000000706400000, 0x0000000710a80000, 0x00000007acc00000)
  object space 170496K, 2% used [0x0000000706400000,0x0000000706812f50,0x0000000710a80000)
 PSPermGen       total 21504K, used 16978K [0x0000000701200000, 0x0000000702700000, 0x0000000706400000)
  object space 21504K, 78% used [0x0000000701200000,0x0000000702294920,0x0000000702700000)
}
Event: 14,955 GC heap before
{Heap before GC invocations=12 (full 0):
 PSYoungGen      total 57344K, used 56960K [0x00000007acc00000, 0x00000007b1380000, 0x0000000800000000)
  eden space 56832K, 100% used [0x00000007acc00000,0x00000007b0380000,0x00000007b0380000)
  from space 512K, 25% used [0x00000007b0480000,0x00000007b04a0000,0x00000007b0500000)
  to   space 8192K, 0% used [0x00000007b0b80000,0x00000007b0b80000,0x00000007b1380000)
 ParOldGen       total 170496K, used 4171K [0x0000000706400000, 0x0000000710a80000, 0x00000007acc00000)
  object space 170496K, 2% used [0x0000000706400000,0x0000000706812f50,0x0000000710a80000)
 PSPermGen       total 21504K, used 16980K [0x0000000701200000, 0x0000000702700000, 0x0000000706400000)
  object space 21504K, 78% used [0x0000000701200000,0x00000007022953c8,0x0000000702700000)
Event: 14,956 GC heap after
Heap after GC invocations=12 (full 0):
 PSYoungGen      total 62976K, used 96K [0x00000007acc00000, 0x00000007b1280000, 0x0000000800000000)
  eden space 55808K, 0% used [0x00000007acc00000,0x00000007acc00000,0x00000007b0280000)
  from space 7168K, 1% used [0x00000007b0b80000,0x00000007b0b98000,0x00000007b1280000)
  to   space 8192K, 0% used [0x00000007b0280000,0x00000007b0280000,0x00000007b0a80000)
 ParOldGen       total 170496K, used 4171K [0x0000000706400000, 0x0000000710a80000, 0x00000007acc00000)
  object space 170496K, 2% used [0x0000000706400000,0x0000000706812f50,0x0000000710a80000)
 PSPermGen       total 21504K, used 16980K [0x0000000701200000, 0x0000000702700000, 0x0000000706400000)
  object space 21504K, 78% used [0x0000000701200000,0x00000007022953c8,0x0000000702700000)
}

