# JRE version: Java(TM) SE Runtime Environment (8.0_92-b14) (build 1.8.0_92-b14)
# Java VM: Java HotSpot(TM) 64-Bit Server VM (25.92-b14 mixed mode windows-amd64 compressed oops)
Heap:
 PSYoungGen      total 261632K, used 96988K [0x00000000f0000000, 0x0000000100000000, 0x0000000100000000)
  eden space 261120K, 37% used [0x00000000f0000000,0x00000000f5e8f040,0x00000000fff00000)
  from space 512K, 31% used [0x00000000fff80000,0x00000000fffa8000,0x0000000100000000)
  to   space 512K, 0% used [0x00000000fff00000,0x00000000fff00000,0x00000000fff80000)
 ParOldGen       total 786432K, used 24416K [0x00000000c0000000, 0x00000000f0000000, 0x00000000f0000000)
  object space 786432K, 3% used [0x00000000c0000000,0x00000000c17d8120,0x00000000f0000000)
 Metaspace       used 32835K, capacity 33102K, committed 33456K, reserved 1079296K
  class space    used 3645K, capacity 3743K, committed 3760K, reserved 1048576K
GC Heap History (10 events):
Event: 2748.885 GC heap before
{Heap before GC invocations=1965 (full 1):
 PSYoungGen      total 261632K, used 261268K [0x00000000f0000000, 0x0000000100000000, 0x0000000100000000)
  eden space 261120K, 100% used [0x00000000f0000000,0x00000000fff00000,0x00000000fff00000)
  from space 512K, 29% used [0x00000000fff00000,0x00000000fff252a0,0x00000000fff80000)
  to   space 512K, 0% used [0x00000000fff80000,0x00000000fff80000,0x0000000100000000)
 ParOldGen       total 786432K, used 24392K [0x00000000c0000000, 0x00000000f0000000, 0x00000000f0000000)
  object space 786432K, 3% used [0x00000000c0000000,0x00000000c17d2120,0x00000000f0000000)
 Metaspace       used 32795K, capacity 33102K, committed 33456K, reserved 1079296K
  class space    used 3640K, capacity 3743K, committed 3760K, reserved 1048576K
Event: 2748.886 GC heap after
Heap after GC invocations=1965 (full 1):
 PSYoungGen      total 261632K, used 169K [0x00000000f0000000, 0x0000000100000000, 0x0000000100000000)
  eden space 261120K, 0% used [0x00000000f0000000,0x00000000f0000000,0x00000000fff00000)
  from space 512K, 33% used [0x00000000fff80000,0x00000000fffaa540,0x0000000100000000)
  to   space 512K, 0% used [0x00000000fff00000,0x00000000fff00000,0x00000000fff80000)
 ParOldGen       total 786432K, used 24400K [0x00000000c0000000, 0x00000000f0000000, 0x00000000f0000000)
  object space 786432K, 3% used [0x00000000c0000000,0x00000000c17d4120,0x00000000f0000000)
 Metaspace       used 32795K, capacity 33102K, committed 33456K, reserved 1079296K
  class space    used 3640K, capacity 3743K, committed 3760K, reserved 1048576K
}
Event: 2750.314 GC heap before
{Heap before GC invocations=1966 (full 1):
 PSYoungGen      total 261632K, used 261289K [0x00000000f0000000, 0x0000000100000000, 0x0000000100000000)
  eden space 261120K, 100% used [0x00000000f0000000,0x00000000fff00000,0x00000000fff00000)
  from space 512K, 33% used [0x00000000fff80000,0x00000000fffaa540,0x0000000100000000)
  to   space 512K, 0% used [0x00000000fff00000,0x00000000fff00000,0x00000000fff80000)
 ParOldGen       total 786432K, used 24400K [0x00000000c0000000, 0x00000000f0000000, 0x00000000f0000000)
  object space 786432K, 3% used [0x00000000c0000000,0x00000000c17d4120,0x00000000f0000000)
 Metaspace       used 32795K, capacity 33102K, committed 33456K, reserved 1079296K
  class space    used 3640K, capacity 3743K, committed 3760K, reserved 1048576K
Event: 2750.316 GC heap after
Heap after GC invocations=1966 (full 1):
 PSYoungGen      total 261632K, used 148K [0x00000000f0000000, 0x0000000100000000, 0x0000000100000000)
  eden space 261120K, 0% used [0x00000000f0000000,0x00000000f0000000,0x00000000fff00000)
  from space 512K, 29% used [0x00000000fff00000,0x00000000fff252a0,0x00000000fff80000)
  to   space 512K, 0% used [0x00000000fff80000,0x00000000fff80000,0x0000000100000000)
 ParOldGen       total 786432K, used 24408K [0x00000000c0000000, 0x00000000f0000000, 0x00000000f0000000)
  object space 786432K, 3% used [0x00000000c0000000,0x00000000c17d6120,0x00000000f0000000)
 Metaspace       used 32795K, capacity 33102K, committed 33456K, reserved 1079296K
  class space    used 3640K, capacity 3743K, committed 3760K, reserved 1048576K
}
Event: 2751.659 GC heap before
{Heap before GC invocations=1967 (full 1):
 PSYoungGen      total 261632K, used 261268K [0x00000000f0000000, 0x0000000100000000, 0x0000000100000000)
  eden space 261120K, 100% used [0x00000000f0000000,0x00000000fff00000,0x00000000fff00000)
  from space 512K, 29% used [0x00000000fff00000,0x00000000fff252a0,0x00000000fff80000)
  to   space 512K, 0% used [0x00000000fff80000,0x00000000fff80000,0x0000000100000000)
 ParOldGen       total 786432K, used 24408K [0x00000000c0000000, 0x00000000f0000000, 0x00000000f0000000)
  object space 786432K, 3% used [0x00000000c0000000,0x00000000c17d6120,0x00000000f0000000)
 Metaspace       used 32795K, capacity 33102K, committed 33456K, reserved 1079296K
  class space    used 3640K, capacity 3743K, committed 3760K, reserved 1048576K
Event: 2751.661 GC heap after
Heap after GC invocations=1967 (full 1):
 PSYoungGen      total 261632K, used 148K [0x00000000f0000000, 0x0000000100000000, 0x0000000100000000)
  eden space 261120K, 0% used [0x00000000f0000000,0x00000000f0000000,0x00000000fff00000)
  from space 512K, 29% used [0x00000000fff80000,0x00000000fffa52a0,0x0000000100000000)
  to   space 512K, 0% used [0x00000000fff00000,0x00000000fff00000,0x00000000fff80000)
 ParOldGen       total 786432K, used 24416K [0x00000000c0000000, 0x00000000f0000000, 0x00000000f0000000)
  object space 786432K, 3% used [0x00000000c0000000,0x00000000c17d8120,0x00000000f0000000)
 Metaspace       used 32795K, capacity 33102K, committed 33456K, reserved 1079296K
  class space    used 3640K, capacity 3743K, committed 3760K, reserved 1048576K
}
Event: 2753.103 GC heap before
{Heap before GC invocations=1968 (full 1):
 PSYoungGen      total 261632K, used 261268K [0x00000000f0000000, 0x0000000100000000, 0x0000000100000000)
  eden space 261120K, 100% used [0x00000000f0000000,0x00000000fff00000,0x00000000fff00000)
  from space 512K, 29% used [0x00000000fff80000,0x00000000fffa52a0,0x0000000100000000)
  to   space 512K, 0% used [0x00000000fff00000,0x00000000fff00000,0x00000000fff80000)
 ParOldGen       total 786432K, used 24416K [0x00000000c0000000, 0x00000000f0000000, 0x00000000f0000000)
  object space 786432K, 3% used [0x00000000c0000000,0x00000000c17d8120,0x00000000f0000000)
 Metaspace       used 32795K, capacity 33102K, committed 33456K, reserved 1079296K
  class space    used 3640K, capacity 3743K, committed 3760K, reserved 1048576K
Event: 2753.105 GC heap after
Heap after GC invocations=1968 (full 1):
 PSYoungGen      total 261632K, used 169K [0x00000000f0000000, 0x0000000100000000, 0x0000000100000000)
  eden space 261120K, 0% used [0x00000000f0000000,0x00000000f0000000,0x00000000fff00000)
  from space 512K, 33% used [0x00000000fff00000,0x00000000fff2a540,0x00000000fff80000)
  to   space 512K, 0% used [0x00000000fff80000,0x00000000fff80000,0x0000000100000000)
 ParOldGen       total 786432K, used 24416K [0x00000000c0000000, 0x00000000f0000000, 0x00000000f0000000)
  object space 786432K, 3% used [0x00000000c0000000,0x00000000c17d8120,0x00000000f0000000)
 Metaspace       used 32795K, capacity 33102K, committed 33456K, reserved 1079296K
  class space    used 3640K, capacity 3743K, committed 3760K, reserved 1048576K
}
Event: 2755.498 GC heap before
{Heap before GC invocations=1969 (full 1):
 PSYoungGen      total 261632K, used 261289K [0x00000000f0000000, 0x0000000100000000, 0x0000000100000000)
  eden space 261120K, 100% used [0x00000000f0000000,0x00000000fff00000,0x00000000fff00000)
  from space 512K, 33% used [0x00000000fff00000,0x00000000fff2a540,0x00000000fff80000)
  to   space 512K, 0% used [0x00000000fff80000,0x00000000fff80000,0x0000000100000000)
 ParOldGen       total 786432K, used 24416K [0x00000000c0000000, 0x00000000f0000000, 0x00000000f0000000)
  object space 786432K, 3% used [0x00000000c0000000,0x00000000c17d8120,0x00000000f0000000)
 Metaspace       used 32827K, capacity 33102K, committed 33456K, reserved 1079296K
  class space    used 3645K, capacity 3743K, committed 3760K, reserved 1048576K
Event: 2755.500 GC heap after
Heap after GC invocations=1969 (full 1):
 PSYoungGen      total 261632K, used 160K [0x00000000f0000000, 0x0000000100000000, 0x0000000100000000)
  eden space 261120K, 0% used [0x00000000f0000000,0x00000000f0000000,0x00000000fff00000)
  from space 512K, 31% used [0x00000000fff80000,0x00000000fffa8000,0x0000000100000000)
  to   space 512K, 0% used [0x00000000fff00000,0x00000000fff00000,0x00000000fff80000)
 ParOldGen       total 786432K, used 24416K [0x00000000c0000000, 0x00000000f0000000, 0x00000000f0000000)
  object space 786432K, 3% used [0x00000000c0000000,0x00000000c17d8120,0x00000000f0000000)
 Metaspace       used 32827K, capacity 33102K, committed 33456K, reserved 1079296K
  class space    used 3645K, capacity 3743K, committed 3760K, reserved 1048576K
}

