# JRE version: Java(TM) SE Runtime Environment (8.0_92-b14) (build 1.8.0_92-b14)
# Java VM: Java HotSpot(TM) 64-Bit Server VM (25.92-b14 mixed mode windows-amd64 compressed oops)
Heap:
 PSYoungGen      total 261632K, used 65380K [0x00000000f0000000, 0x0000000100000000, 0x0000000100000000)
  eden space 261120K, 24% used [0x00000000f0000000,0x00000000f3f95a18,0x00000000fff00000)
  from space 512K, 52% used [0x00000000fff80000,0x00000000fffc3620,0x0000000100000000)
  to   space 512K, 0% used [0x00000000fff00000,0x00000000fff00000,0x00000000fff80000)
 ParOldGen       total 786432K, used 17379K [0x00000000c0000000, 0x00000000f0000000, 0x00000000f0000000)
  object space 786432K, 2% used [0x00000000c0000000,0x00000000c10f8f68,0x00000000f0000000)
 Metaspace       used 32063K, capacity 32354K, committed 33024K, reserved 1079296K
  class space    used 3619K, capacity 3713K, committed 3840K, reserved 1048576K
GC Heap History (10 events):
Event: 1069.472 GC heap before
{Heap before GC invocations=835 (full 1):
 PSYoungGen      total 261632K, used 261216K [0x00000000f0000000, 0x0000000100000000, 0x0000000100000000)
  eden space 261120K, 100% used [0x00000000f0000000,0x00000000fff00000,0x00000000fff00000)
  from space 512K, 18% used [0x00000000fff00000,0x00000000fff18000,0x00000000fff80000)
  to   space 512K, 0% used [0x00000000fff80000,0x00000000fff80000,0x0000000100000000)
 ParOldGen       total 786432K, used 17347K [0x00000000c0000000, 0x00000000f0000000, 0x00000000f0000000)
  object space 786432K, 2% used [0x00000000c0000000,0x00000000c10f0f68,0x00000000f0000000)
 Metaspace       used 31975K, capacity 32290K, committed 32768K, reserved 1079296K
  class space    used 3608K, capacity 3713K, committed 3840K, reserved 1048576K
Event: 1069.473 GC heap after
Heap after GC invocations=835 (full 1):
 PSYoungGen      total 261632K, used 352K [0x00000000f0000000, 0x0000000100000000, 0x0000000100000000)
  eden space 261120K, 0% used [0x00000000f0000000,0x00000000f0000000,0x00000000fff00000)
  from space 512K, 68% used [0x00000000fff80000,0x00000000fffd8000,0x0000000100000000)
  to   space 512K, 0% used [0x00000000fff00000,0x00000000fff00000,0x00000000fff80000)
 ParOldGen       total 786432K, used 17347K [0x00000000c0000000, 0x00000000f0000000, 0x00000000f0000000)
  object space 786432K, 2% used [0x00000000c0000000,0x00000000c10f0f68,0x00000000f0000000)
 Metaspace       used 31975K, capacity 32290K, committed 32768K, reserved 1079296K
  class space    used 3608K, capacity 3713K, committed 3840K, reserved 1048576K
}
Event: 1070.773 GC heap before
{Heap before GC invocations=836 (full 1):
 PSYoungGen      total 261632K, used 261472K [0x00000000f0000000, 0x0000000100000000, 0x0000000100000000)
  eden space 261120K, 100% used [0x00000000f0000000,0x00000000fff00000,0x00000000fff00000)
  from space 512K, 68% used [0x00000000fff80000,0x00000000fffd8000,0x0000000100000000)
  to   space 512K, 0% used [0x00000000fff00000,0x00000000fff00000,0x00000000fff80000)
 ParOldGen       total 786432K, used 17347K [0x00000000c0000000, 0x00000000f0000000, 0x00000000f0000000)
  object space 786432K, 2% used [0x00000000c0000000,0x00000000c10f0f68,0x00000000f0000000)
 Metaspace       used 32019K, capacity 32290K, committed 32768K, reserved 1079296K
  class space    used 3614K, capacity 3713K, committed 3840K, reserved 1048576K
Event: 1070.775 GC heap after
Heap after GC invocations=836 (full 1):
 PSYoungGen      total 261632K, used 246K [0x00000000f0000000, 0x0000000100000000, 0x0000000100000000)
  eden space 261120K, 0% used [0x00000000f0000000,0x00000000f0000000,0x00000000fff00000)
  from space 512K, 48% used [0x00000000fff00000,0x00000000fff3db10,0x00000000fff80000)
  to   space 512K, 0% used [0x00000000fff80000,0x00000000fff80000,0x0000000100000000)
 ParOldGen       total 786432K, used 17347K [0x00000000c0000000, 0x00000000f0000000, 0x00000000f0000000)
  object space 786432K, 2% used [0x00000000c0000000,0x00000000c10f0f68,0x00000000f0000000)
 Metaspace       used 32019K, capacity 32290K, committed 32768K, reserved 1079296K
  class space    used 3614K, capacity 3713K, committed 3840K, reserved 1048576K
}
Event: 1072.150 GC heap before
{Heap before GC invocations=837 (full 1):
 PSYoungGen      total 261632K, used 261366K [0x00000000f0000000, 0x0000000100000000, 0x0000000100000000)
  eden space 261120K, 100% used [0x00000000f0000000,0x00000000fff00000,0x00000000fff00000)
  from space 512K, 48% used [0x00000000fff00000,0x00000000fff3db10,0x00000000fff80000)
  to   space 512K, 0% used [0x00000000fff80000,0x00000000fff80000,0x0000000100000000)
 ParOldGen       total 786432K, used 17347K [0x00000000c0000000, 0x00000000f0000000, 0x00000000f0000000)
  object space 786432K, 2% used [0x00000000c0000000,0x00000000c10f0f68,0x00000000f0000000)
 Metaspace       used 32026K, capacity 32354K, committed 33024K, reserved 1079296K
  class space    used 3614K, capacity 3713K, committed 3840K, reserved 1048576K
Event: 1072.152 GC heap after
Heap after GC invocations=837 (full 1):
 PSYoungGen      total 261632K, used 224K [0x00000000f0000000, 0x0000000100000000, 0x0000000100000000)
  eden space 261120K, 0% used [0x00000000f0000000,0x00000000f0000000,0x00000000fff00000)
  from space 512K, 43% used [0x00000000fff80000,0x00000000fffb8000,0x0000000100000000)
  to   space 512K, 0% used [0x00000000fff00000,0x00000000fff00000,0x00000000fff80000)
 ParOldGen       total 786432K, used 17347K [0x00000000c0000000, 0x00000000f0000000, 0x00000000f0000000)
  object space 786432K, 2% used [0x00000000c0000000,0x00000000c10f0f68,0x00000000f0000000)
 Metaspace       used 32026K, capacity 32354K, committed 33024K, reserved 1079296K
  class space    used 3614K, capacity 3713K, committed 3840K, reserved 1048576K
}
Event: 1073.528 GC heap before
{Heap before GC invocations=838 (full 1):
 PSYoungGen      total 261632K, used 261344K [0x00000000f0000000, 0x0000000100000000, 0x0000000100000000)
  eden space 261120K, 100% used [0x00000000f0000000,0x00000000fff00000,0x00000000fff00000)
  from space 512K, 43% used [0x00000000fff80000,0x00000000fffb8000,0x0000000100000000)
  to   space 512K, 0% used [0x00000000fff00000,0x00000000fff00000,0x00000000fff80000)
 ParOldGen       total 786432K, used 17347K [0x00000000c0000000, 0x00000000f0000000, 0x00000000f0000000)
  object space 786432K, 2% used [0x00000000c0000000,0x00000000c10f0f68,0x00000000f0000000)
 Metaspace       used 32026K, capacity 32354K, committed 33024K, reserved 1079296K
  class space    used 3614K, capacity 3713K, committed 3840K, reserved 1048576K
Event: 1073.529 GC heap after
Heap after GC invocations=838 (full 1):
 PSYoungGen      total 261632K, used 192K [0x00000000f0000000, 0x0000000100000000, 0x0000000100000000)
  eden space 261120K, 0% used [0x00000000f0000000,0x00000000f0000000,0x00000000fff00000)
  from space 512K, 37% used [0x00000000fff00000,0x00000000fff30000,0x00000000fff80000)
  to   space 512K, 0% used [0x00000000fff80000,0x00000000fff80000,0x0000000100000000)
 ParOldGen       total 786432K, used 17371K [0x00000000c0000000, 0x00000000f0000000, 0x00000000f0000000)
  object space 786432K, 2% used [0x00000000c0000000,0x00000000c10f6f68,0x00000000f0000000)
 Metaspace       used 32026K, capacity 32354K, committed 33024K, reserved 1079296K
  class space    used 3614K, capacity 3713K, committed 3840K, reserved 1048576K
}
Event: 1074.936 GC heap before
{Heap before GC invocations=839 (full 1):
 PSYoungGen      total 261632K, used 261312K [0x00000000f0000000, 0x0000000100000000, 0x0000000100000000)
  eden space 261120K, 100% used [0x00000000f0000000,0x00000000fff00000,0x00000000fff00000)
  from space 512K, 37% used [0x00000000fff00000,0x00000000fff30000,0x00000000fff80000)
  to   space 512K, 0% used [0x00000000fff80000,0x00000000fff80000,0x0000000100000000)
 ParOldGen       total 786432K, used 17371K [0x00000000c0000000, 0x00000000f0000000, 0x00000000f0000000)
  object space 786432K, 2% used [0x00000000c0000000,0x00000000c10f6f68,0x00000000f0000000)
 Metaspace       used 32033K, capacity 32354K, committed 33024K, reserved 1079296K
  class space    used 3615K, capacity 3713K, committed 3840K, reserved 1048576K
Event: 1074.938 GC heap after
Heap after GC invocations=839 (full 1):
 PSYoungGen      total 261632K, used 269K [0x00000000f0000000, 0x0000000100000000, 0x0000000100000000)
  eden space 261120K, 0% used [0x00000000f0000000,0x00000000f0000000,0x00000000fff00000)
  from space 512K, 52% used [0x00000000fff80000,0x00000000fffc3620,0x0000000100000000)
  to   space 512K, 0% used [0x00000000fff00000,0x00000000fff00000,0x00000000fff80000)
 ParOldGen       total 786432K, used 17379K [0x00000000c0000000, 0x00000000f0000000, 0x00000000f0000000)
  object space 786432K, 2% used [0x00000000c0000000,0x00000000c10f8f68,0x00000000f0000000)
 Metaspace       used 32033K, capacity 32354K, committed 33024K, reserved 1079296K
  class space    used 3615K, capacity 3713K, committed 3840K, reserved 1048576K
}

