# JRE version: Java(TM) SE Runtime Environment (8.0_92-b14) (build 1.8.0_92-b14)
# Java VM: Java HotSpot(TM) 64-Bit Server VM (25.92-b14 mixed mode windows-amd64 compressed oops)
Heap:
 PSYoungGen      total 261632K, used 15438K [0x00000000f0000000, 0x0000000100000000, 0x0000000100000000)
  eden space 261120K, 5% used [0x00000000f0000000,0x00000000f0ee14b8,0x00000000fff00000)
  from space 512K, 39% used [0x00000000fff80000,0x00000000fffb2540,0x0000000100000000)
  to   space 512K, 0% used [0x00000000fff00000,0x00000000fff00000,0x00000000fff80000)
 ParOldGen       total 786432K, used 15026K [0x00000000c0000000, 0x00000000f0000000, 0x00000000f0000000)
  object space 786432K, 1% used [0x00000000c0000000,0x00000000c0eaca68,0x00000000f0000000)
 Metaspace       used 29573K, capacity 29806K, committed 30336K, reserved 1077248K
  class space    used 3369K, capacity 3441K, committed 3456K, reserved 1048576K
GC Heap History (10 events):
Event: 188.992 GC heap before
{Heap before GC invocations=241 (full 1):
 PSYoungGen      total 261632K, used 261353K [0x00000000f0000000, 0x0000000100000000, 0x0000000100000000)
  eden space 261120K, 100% used [0x00000000f0000000,0x00000000fff00000,0x00000000fff00000)
  from space 512K, 45% used [0x00000000fff00000,0x00000000fff3a540,0x00000000fff80000)
  to   space 512K, 0% used [0x00000000fff80000,0x00000000fff80000,0x0000000100000000)
 ParOldGen       total 786432K, used 15010K [0x00000000c0000000, 0x00000000f0000000, 0x00000000f0000000)
  object space 786432K, 1% used [0x00000000c0000000,0x00000000c0ea8a68,0x00000000f0000000)
 Metaspace       used 29542K, capacity 29806K, committed 30336K, reserved 1077248K
  class space    used 3365K, capacity 3441K, committed 3456K, reserved 1048576K
Event: 188.993 GC heap after
Heap after GC invocations=241 (full 1):
 PSYoungGen      total 261632K, used 233K [0x00000000f0000000, 0x0000000100000000, 0x0000000100000000)
  eden space 261120K, 0% used [0x00000000f0000000,0x00000000f0000000,0x00000000fff00000)
  from space 512K, 45% used [0x00000000fff80000,0x00000000fffba540,0x0000000100000000)
  to   space 512K, 0% used [0x00000000fff00000,0x00000000fff00000,0x00000000fff80000)
 ParOldGen       total 786432K, used 15010K [0x00000000c0000000, 0x00000000f0000000, 0x00000000f0000000)
  object space 786432K, 1% used [0x00000000c0000000,0x00000000c0ea8a68,0x00000000f0000000)
 Metaspace       used 29542K, capacity 29806K, committed 30336K, reserved 1077248K
  class space    used 3365K, capacity 3441K, committed 3456K, reserved 1048576K
}
Event: 189.644 GC heap before
{Heap before GC invocations=242 (full 1):
 PSYoungGen      total 261632K, used 261353K [0x00000000f0000000, 0x0000000100000000, 0x0000000100000000)
  eden space 261120K, 100% used [0x00000000f0000000,0x00000000fff00000,0x00000000fff00000)
  from space 512K, 45% used [0x00000000fff80000,0x00000000fffba540,0x0000000100000000)
  to   space 512K, 0% used [0x00000000fff00000,0x00000000fff00000,0x00000000fff80000)
 ParOldGen       total 786432K, used 15010K [0x00000000c0000000, 0x00000000f0000000, 0x00000000f0000000)
  object space 786432K, 1% used [0x00000000c0000000,0x00000000c0ea8a68,0x00000000f0000000)
 Metaspace       used 29542K, capacity 29806K, committed 30336K, reserved 1077248K
  class space    used 3365K, capacity 3441K, committed 3456K, reserved 1048576K
Event: 189.645 GC heap after
Heap after GC invocations=242 (full 1):
 PSYoungGen      total 261632K, used 201K [0x00000000f0000000, 0x0000000100000000, 0x0000000100000000)
  eden space 261120K, 0% used [0x00000000f0000000,0x00000000f0000000,0x00000000fff00000)
  from space 512K, 39% used [0x00000000fff00000,0x00000000fff32540,0x00000000fff80000)
  to   space 512K, 0% used [0x00000000fff80000,0x00000000fff80000,0x0000000100000000)
 ParOldGen       total 786432K, used 15018K [0x00000000c0000000, 0x00000000f0000000, 0x00000000f0000000)
  object space 786432K, 1% used [0x00000000c0000000,0x00000000c0eaaa68,0x00000000f0000000)
 Metaspace       used 29542K, capacity 29806K, committed 30336K, reserved 1077248K
  class space    used 3365K, capacity 3441K, committed 3456K, reserved 1048576K
}
Event: 190.304 GC heap before
{Heap before GC invocations=243 (full 1):
 PSYoungGen      total 261632K, used 261321K [0x00000000f0000000, 0x0000000100000000, 0x0000000100000000)
  eden space 261120K, 100% used [0x00000000f0000000,0x00000000fff00000,0x00000000fff00000)
  from space 512K, 39% used [0x00000000fff00000,0x00000000fff32540,0x00000000fff80000)
  to   space 512K, 0% used [0x00000000fff80000,0x00000000fff80000,0x0000000100000000)
 ParOldGen       total 786432K, used 15018K [0x00000000c0000000, 0x00000000f0000000, 0x00000000f0000000)
  object space 786432K, 1% used [0x00000000c0000000,0x00000000c0eaaa68,0x00000000f0000000)
 Metaspace       used 29542K, capacity 29806K, committed 30336K, reserved 1077248K
  class space    used 3365K, capacity 3441K, committed 3456K, reserved 1048576K
Event: 190.305 GC heap after
Heap after GC invocations=243 (full 1):
 PSYoungGen      total 261632K, used 192K [0x00000000f0000000, 0x0000000100000000, 0x0000000100000000)
  eden space 261120K, 0% used [0x00000000f0000000,0x00000000f0000000,0x00000000fff00000)
  from space 512K, 37% used [0x00000000fff80000,0x00000000fffb0000,0x0000000100000000)
  to   space 512K, 0% used [0x00000000fff00000,0x00000000fff00000,0x00000000fff80000)
 ParOldGen       total 786432K, used 15018K [0x00000000c0000000, 0x00000000f0000000, 0x00000000f0000000)
  object space 786432K, 1% used [0x00000000c0000000,0x00000000c0eaaa68,0x00000000f0000000)
 Metaspace       used 29542K, capacity 29806K, committed 30336K, reserved 1077248K
  class space    used 3365K, capacity 3441K, committed 3456K, reserved 1048576K
}
Event: 190.960 GC heap before
{Heap before GC invocations=244 (full 1):
 PSYoungGen      total 261632K, used 261312K [0x00000000f0000000, 0x0000000100000000, 0x0000000100000000)
  eden space 261120K, 100% used [0x00000000f0000000,0x00000000fff00000,0x00000000fff00000)
  from space 512K, 37% used [0x00000000fff80000,0x00000000fffb0000,0x0000000100000000)
  to   space 512K, 0% used [0x00000000fff00000,0x00000000fff00000,0x00000000fff80000)
 ParOldGen       total 786432K, used 15018K [0x00000000c0000000, 0x00000000f0000000, 0x00000000f0000000)
  object space 786432K, 1% used [0x00000000c0000000,0x00000000c0eaaa68,0x00000000f0000000)
 Metaspace       used 29549K, capacity 29806K, committed 30336K, reserved 1077248K
  class space    used 3366K, capacity 3441K, committed 3456K, reserved 1048576K
Event: 190.962 GC heap after
Heap after GC invocations=244 (full 1):
 PSYoungGen      total 261632K, used 265K [0x00000000f0000000, 0x0000000100000000, 0x0000000100000000)
  eden space 261120K, 0% used [0x00000000f0000000,0x00000000f0000000,0x00000000fff00000)
  from space 512K, 51% used [0x00000000fff00000,0x00000000fff42540,0x00000000fff80000)
  to   space 512K, 0% used [0x00000000fff80000,0x00000000fff80000,0x0000000100000000)
 ParOldGen       total 786432K, used 15026K [0x00000000c0000000, 0x00000000f0000000, 0x00000000f0000000)
  object space 786432K, 1% used [0x00000000c0000000,0x00000000c0eaca68,0x00000000f0000000)
 Metaspace       used 29549K, capacity 29806K, committed 30336K, reserved 1077248K
  class space    used 3366K, capacity 3441K, committed 3456K, reserved 1048576K
}
Event: 191.662 GC heap before
{Heap before GC invocations=245 (full 1):
 PSYoungGen      total 261632K, used 261385K [0x00000000f0000000, 0x0000000100000000, 0x0000000100000000)
  eden space 261120K, 100% used [0x00000000f0000000,0x00000000fff00000,0x00000000fff00000)
  from space 512K, 51% used [0x00000000fff00000,0x00000000fff42540,0x00000000fff80000)
  to   space 512K, 0% used [0x00000000fff80000,0x00000000fff80000,0x0000000100000000)
 ParOldGen       total 786432K, used 15026K [0x00000000c0000000, 0x00000000f0000000, 0x00000000f0000000)
  object space 786432K, 1% used [0x00000000c0000000,0x00000000c0eaca68,0x00000000f0000000)
 Metaspace       used 29549K, capacity 29806K, committed 30336K, reserved 1077248K
  class space    used 3366K, capacity 3441K, committed 3456K, reserved 1048576K
Event: 191.663 GC heap after
Heap after GC invocations=245 (full 1):
 PSYoungGen      total 261632K, used 201K [0x00000000f0000000, 0x0000000100000000, 0x0000000100000000)
  eden space 261120K, 0% used [0x00000000f0000000,0x00000000f0000000,0x00000000fff00000)
  from space 512K, 39% used [0x00000000fff80000,0x00000000fffb2540,0x0000000100000000)
  to   space 512K, 0% used [0x00000000fff00000,0x00000000fff00000,0x00000000fff80000)
 ParOldGen       total 786432K, used 15026K [0x00000000c0000000, 0x00000000f0000000, 0x00000000f0000000)
  object space 786432K, 1% used [0x00000000c0000000,0x00000000c0eaca68,0x00000000f0000000)
 Metaspace       used 29549K, capacity 29806K, committed 30336K, reserved 1077248K
  class space    used 3366K, capacity 3441K, committed 3456K, reserved 1048576K
}

