# JRE version: Java(TM) SE Runtime Environment (8.0_92-b14) (build 1.8.0_92-b14)
# Java VM: Java HotSpot(TM) 64-Bit Server VM (25.92-b14 mixed mode windows-amd64 compressed oops)
Heap:
 PSYoungGen      total 261632K, used 186313K [0x00000000f0000000, 0x0000000100000000, 0x0000000100000000)
  eden space 261120K, 71% used [0x00000000f0000000,0x00000000fb5c5550,0x00000000fff00000)
  from space 512K, 35% used [0x00000000fff00000,0x00000000fff2d2a0,0x00000000fff80000)
  to   space 512K, 0% used [0x00000000fff80000,0x00000000fff80000,0x0000000100000000)
 ParOldGen       total 786432K, used 19010K [0x00000000c0000000, 0x00000000f0000000, 0x00000000f0000000)
  object space 786432K, 2% used [0x00000000c0000000,0x00000000c1290918,0x00000000f0000000)
 Metaspace       used 31952K, capacity 32224K, committed 32640K, reserved 1079296K
  class space    used 3626K, capacity 3710K, committed 3712K, reserved 1048576K
GC Heap History (10 events):
Event: 179.837 GC heap before
{Heap before GC invocations=188 (full 1):
 PSYoungGen      total 261632K, used 261248K [0x00000000f0000000, 0x0000000100000000, 0x0000000100000000)
  eden space 261120K, 100% used [0x00000000f0000000,0x00000000fff00000,0x00000000fff00000)
  from space 512K, 25% used [0x00000000fff80000,0x00000000fffa0000,0x0000000100000000)
  to   space 512K, 0% used [0x00000000fff00000,0x00000000fff00000,0x00000000fff80000)
 ParOldGen       total 786432K, used 18930K [0x00000000c0000000, 0x00000000f0000000, 0x00000000f0000000)
  object space 786432K, 2% used [0x00000000c0000000,0x00000000c127c918,0x00000000f0000000)
 Metaspace       used 31900K, capacity 32160K, committed 32640K, reserved 1079296K
  class space    used 3621K, capacity 3710K, committed 3712K, reserved 1048576K
Event: 179.838 GC heap after
Heap after GC invocations=188 (full 1):
 PSYoungGen      total 261632K, used 128K [0x00000000f0000000, 0x0000000100000000, 0x0000000100000000)
  eden space 261120K, 0% used [0x00000000f0000000,0x00000000f0000000,0x00000000fff00000)
  from space 512K, 25% used [0x00000000fff00000,0x00000000fff20000,0x00000000fff80000)
  to   space 512K, 0% used [0x00000000fff80000,0x00000000fff80000,0x0000000100000000)
 ParOldGen       total 786432K, used 18954K [0x00000000c0000000, 0x00000000f0000000, 0x00000000f0000000)
  object space 786432K, 2% used [0x00000000c0000000,0x00000000c1282918,0x00000000f0000000)
 Metaspace       used 31900K, capacity 32160K, committed 32640K, reserved 1079296K
  class space    used 3621K, capacity 3710K, committed 3712K, reserved 1048576K
}
Event: 180.546 GC heap before
{Heap before GC invocations=189 (full 1):
 PSYoungGen      total 261632K, used 261248K [0x00000000f0000000, 0x0000000100000000, 0x0000000100000000)
  eden space 261120K, 100% used [0x00000000f0000000,0x00000000fff00000,0x00000000fff00000)
  from space 512K, 25% used [0x00000000fff00000,0x00000000fff20000,0x00000000fff80000)
  to   space 512K, 0% used [0x00000000fff80000,0x00000000fff80000,0x0000000100000000)
 ParOldGen       total 786432K, used 18954K [0x00000000c0000000, 0x00000000f0000000, 0x00000000f0000000)
  object space 786432K, 2% used [0x00000000c0000000,0x00000000c1282918,0x00000000f0000000)
 Metaspace       used 31908K, capacity 32224K, committed 32640K, reserved 1079296K
  class space    used 3622K, capacity 3710K, committed 3712K, reserved 1048576K
Event: 180.547 GC heap after
Heap after GC invocations=189 (full 1):
 PSYoungGen      total 261632K, used 180K [0x00000000f0000000, 0x0000000100000000, 0x0000000100000000)
  eden space 261120K, 0% used [0x00000000f0000000,0x00000000f0000000,0x00000000fff00000)
  from space 512K, 35% used [0x00000000fff80000,0x00000000fffad2a0,0x0000000100000000)
  to   space 512K, 0% used [0x00000000fff00000,0x00000000fff00000,0x00000000fff80000)
 ParOldGen       total 786432K, used 18954K [0x00000000c0000000, 0x00000000f0000000, 0x00000000f0000000)
  object space 786432K, 2% used [0x00000000c0000000,0x00000000c1282918,0x00000000f0000000)
 Metaspace       used 31908K, capacity 32224K, committed 32640K, reserved 1079296K
  class space    used 3622K, capacity 3710K, committed 3712K, reserved 1048576K
}
Event: 181.210 GC heap before
{Heap before GC invocations=190 (full 1):
 PSYoungGen      total 261632K, used 261300K [0x00000000f0000000, 0x0000000100000000, 0x0000000100000000)
  eden space 261120K, 99% used [0x00000000f0000000,0x00000000ffeffff0,0x00000000fff00000)
  from space 512K, 35% used [0x00000000fff80000,0x00000000fffad2a0,0x0000000100000000)
  to   space 512K, 0% used [0x00000000fff00000,0x00000000fff00000,0x00000000fff80000)
 ParOldGen       total 786432K, used 18954K [0x00000000c0000000, 0x00000000f0000000, 0x00000000f0000000)
  object space 786432K, 2% used [0x00000000c0000000,0x00000000c1282918,0x00000000f0000000)
 Metaspace       used 31908K, capacity 32224K, committed 32640K, reserved 1079296K
  class space    used 3622K, capacity 3710K, committed 3712K, reserved 1048576K
Event: 181.211 GC heap after
Heap after GC invocations=190 (full 1):
 PSYoungGen      total 261632K, used 148K [0x00000000f0000000, 0x0000000100000000, 0x0000000100000000)
  eden space 261120K, 0% used [0x00000000f0000000,0x00000000f0000000,0x00000000fff00000)
  from space 512K, 29% used [0x00000000fff00000,0x00000000fff252a0,0x00000000fff80000)
  to   space 512K, 0% used [0x00000000fff80000,0x00000000fff80000,0x0000000100000000)
 ParOldGen       total 786432K, used 18986K [0x00000000c0000000, 0x00000000f0000000, 0x00000000f0000000)
  object space 786432K, 2% used [0x00000000c0000000,0x00000000c128a918,0x00000000f0000000)
 Metaspace       used 31908K, capacity 32224K, committed 32640K, reserved 1079296K
  class space    used 3622K, capacity 3710K, committed 3712K, reserved 1048576K
}
Event: 181.914 GC heap before
{Heap before GC invocations=191 (full 1):
 PSYoungGen      total 261632K, used 261268K [0x00000000f0000000, 0x0000000100000000, 0x0000000100000000)
  eden space 261120K, 100% used [0x00000000f0000000,0x00000000fff00000,0x00000000fff00000)
  from space 512K, 29% used [0x00000000fff00000,0x00000000fff252a0,0x00000000fff80000)
  to   space 512K, 0% used [0x00000000fff80000,0x00000000fff80000,0x0000000100000000)
 ParOldGen       total 786432K, used 18986K [0x00000000c0000000, 0x00000000f0000000, 0x00000000f0000000)
  object space 786432K, 2% used [0x00000000c0000000,0x00000000c128a918,0x00000000f0000000)
 Metaspace       used 31908K, capacity 32224K, committed 32640K, reserved 1079296K
  class space    used 3622K, capacity 3710K, committed 3712K, reserved 1048576K
Event: 181.915 GC heap after
Heap after GC invocations=191 (full 1):
 PSYoungGen      total 261632K, used 96K [0x00000000f0000000, 0x0000000100000000, 0x0000000100000000)
  eden space 261120K, 0% used [0x00000000f0000000,0x00000000f0000000,0x00000000fff00000)
  from space 512K, 18% used [0x00000000fff80000,0x00000000fff98000,0x0000000100000000)
  to   space 512K, 0% used [0x00000000fff00000,0x00000000fff00000,0x00000000fff80000)
 ParOldGen       total 786432K, used 19010K [0x00000000c0000000, 0x00000000f0000000, 0x00000000f0000000)
  object space 786432K, 2% used [0x00000000c0000000,0x00000000c1290918,0x00000000f0000000)
 Metaspace       used 31908K, capacity 32224K, committed 32640K, reserved 1079296K
  class space    used 3622K, capacity 3710K, committed 3712K, reserved 1048576K
}
Event: 182.577 GC heap before
{Heap before GC invocations=192 (full 1):
 PSYoungGen      total 261632K, used 261216K [0x00000000f0000000, 0x0000000100000000, 0x0000000100000000)
  eden space 261120K, 100% used [0x00000000f0000000,0x00000000fff00000,0x00000000fff00000)
  from space 512K, 18% used [0x00000000fff80000,0x00000000fff98000,0x0000000100000000)
  to   space 512K, 0% used [0x00000000fff00000,0x00000000fff00000,0x00000000fff80000)
 ParOldGen       total 786432K, used 19010K [0x00000000c0000000, 0x00000000f0000000, 0x00000000f0000000)
  object space 786432K, 2% used [0x00000000c0000000,0x00000000c1290918,0x00000000f0000000)
 Metaspace       used 31915K, capacity 32224K, committed 32640K, reserved 1079296K
  class space    used 3623K, capacity 3710K, committed 3712K, reserved 1048576K
Event: 182.578 GC heap after
Heap after GC invocations=192 (full 1):
 PSYoungGen      total 261632K, used 180K [0x00000000f0000000, 0x0000000100000000, 0x0000000100000000)
  eden space 261120K, 0% used [0x00000000f0000000,0x00000000f0000000,0x00000000fff00000)
  from space 512K, 35% used [0x00000000fff00000,0x00000000fff2d2a0,0x00000000fff80000)
  to   space 512K, 0% used [0x00000000fff80000,0x00000000fff80000,0x0000000100000000)
 ParOldGen       total 786432K, used 19010K [0x00000000c0000000, 0x00000000f0000000, 0x00000000f0000000)
  object space 786432K, 2% used [0x00000000c0000000,0x00000000c1290918,0x00000000f0000000)
 Metaspace       used 31915K, capacity 32224K, committed 32640K, reserved 1079296K
  class space    used 3623K, capacity 3710K, committed 3712K, reserved 1048576K
}

