# JRE version: Java(TM) SE Runtime Environment (8.0_92-b14) (build 1.8.0_92-b14)
# Java VM: Java HotSpot(TM) 64-Bit Server VM (25.92-b14 mixed mode windows-amd64 compressed oops)
Heap:
 PSYoungGen      total 253952K, used 119204K [0x00000000f0000000, 0x0000000100000000, 0x0000000100000000)
  eden space 245760K, 46% used [0x00000000f0000000,0x00000000f6f26d70,0x00000000ff000000)
  from space 8192K, 65% used [0x00000000ff800000,0x00000000ffd423b8,0x0000000100000000)
  to   space 8192K, 0% used [0x00000000ff000000,0x00000000ff000000,0x00000000ff800000)
 ParOldGen       total 786432K, used 8464K [0x00000000c0000000, 0x00000000f0000000, 0x00000000f0000000)
  object space 786432K, 1% used [0x00000000c0000000,0x00000000c08443a8,0x00000000f0000000)
 Metaspace       used 29377K, capacity 29556K, committed 30080K, reserved 1075200K
  class space    used 3370K, capacity 3442K, committed 3456K, reserved 1048576K
GC Heap History (10 events):
Event: 47.356 GC heap before
{Heap before GC invocations=11 (full 1):
 PSYoungGen      total 252928K, used 249265K [0x00000000f0000000, 0x0000000100000000, 0x0000000100000000)
  eden space 243712K, 100% used [0x00000000f0000000,0x00000000fee00000,0x00000000fee00000)
  from space 9216K, 60% used [0x00000000fee00000,0x00000000ff36c790,0x00000000ff700000)
  to   space 9216K, 0% used [0x00000000ff700000,0x00000000ff700000,0x0000000100000000)
 ParOldGen       total 786432K, used 8448K [0x00000000c0000000, 0x00000000f0000000, 0x00000000f0000000)
  object space 786432K, 1% used [0x00000000c0000000,0x00000000c08403a8,0x00000000f0000000)
 Metaspace       used 29018K, capacity 29300K, committed 29824K, reserved 1075200K
  class space    used 3341K, capacity 3442K, committed 3456K, reserved 1048576K
Event: 47.362 GC heap after
Heap after GC invocations=11 (full 1):
 PSYoungGen      total 253440K, used 5405K [0x00000000f0000000, 0x0000000100000000, 0x0000000100000000)
  eden space 244224K, 0% used [0x00000000f0000000,0x00000000f0000000,0x00000000fee80000)
  from space 9216K, 58% used [0x00000000ff700000,0x00000000ffc47658,0x0000000100000000)
  to   space 8704K, 0% used [0x00000000fee80000,0x00000000fee80000,0x00000000ff700000)
 ParOldGen       total 786432K, used 8448K [0x00000000c0000000, 0x00000000f0000000, 0x00000000f0000000)
  object space 786432K, 1% used [0x00000000c0000000,0x00000000c08403a8,0x00000000f0000000)
 Metaspace       used 29018K, capacity 29300K, committed 29824K, reserved 1075200K
  class space    used 3341K, capacity 3442K, committed 3456K, reserved 1048576K
}
Event: 48.780 GC heap before
{Heap before GC invocations=12 (full 1):
 PSYoungGen      total 253440K, used 249629K [0x00000000f0000000, 0x0000000100000000, 0x0000000100000000)
  eden space 244224K, 100% used [0x00000000f0000000,0x00000000fee80000,0x00000000fee80000)
  from space 9216K, 58% used [0x00000000ff700000,0x00000000ffc47658,0x0000000100000000)
  to   space 8704K, 0% used [0x00000000fee80000,0x00000000fee80000,0x00000000ff700000)
 ParOldGen       total 786432K, used 8448K [0x00000000c0000000, 0x00000000f0000000, 0x00000000f0000000)
  object space 786432K, 1% used [0x00000000c0000000,0x00000000c08403a8,0x00000000f0000000)
 Metaspace       used 29230K, capacity 29492K, committed 29824K, reserved 1075200K
  class space    used 3364K, capacity 3442K, committed 3456K, reserved 1048576K
Event: 48.783 GC heap after
Heap after GC invocations=12 (full 1):
 PSYoungGen      total 252928K, used 5490K [0x00000000f0000000, 0x0000000100000000, 0x0000000100000000)
  eden space 244224K, 0% used [0x00000000f0000000,0x00000000f0000000,0x00000000fee80000)
  from space 8704K, 63% used [0x00000000fee80000,0x00000000ff3dc8f8,0x00000000ff700000)
  to   space 8704K, 0% used [0x00000000ff780000,0x00000000ff780000,0x0000000100000000)
 ParOldGen       total 786432K, used 8448K [0x00000000c0000000, 0x00000000f0000000, 0x00000000f0000000)
  object space 786432K, 1% used [0x00000000c0000000,0x00000000c08403a8,0x00000000f0000000)
 Metaspace       used 29230K, capacity 29492K, committed 29824K, reserved 1075200K
  class space    used 3364K, capacity 3442K, committed 3456K, reserved 1048576K
}
Event: 50.216 GC heap before
{Heap before GC invocations=13 (full 1):
 PSYoungGen      total 252928K, used 249714K [0x00000000f0000000, 0x0000000100000000, 0x0000000100000000)
  eden space 244224K, 100% used [0x00000000f0000000,0x00000000fee80000,0x00000000fee80000)
  from space 8704K, 63% used [0x00000000fee80000,0x00000000ff3dc8f8,0x00000000ff700000)
  to   space 8704K, 0% used [0x00000000ff780000,0x00000000ff780000,0x0000000100000000)
 ParOldGen       total 786432K, used 8448K [0x00000000c0000000, 0x00000000f0000000, 0x00000000f0000000)
  object space 786432K, 1% used [0x00000000c0000000,0x00000000c08403a8,0x00000000f0000000)
 Metaspace       used 29252K, capacity 29492K, committed 29824K, reserved 1075200K
  class space    used 3365K, capacity 3442K, committed 3456K, reserved 1048576K
Event: 50.219 GC heap after
Heap after GC invocations=13 (full 1):
 PSYoungGen      total 253440K, used 5405K [0x00000000f0000000, 0x0000000100000000, 0x0000000100000000)
  eden space 244736K, 0% used [0x00000000f0000000,0x00000000f0000000,0x00000000fef00000)
  from space 8704K, 62% used [0x00000000ff780000,0x00000000ffcc7658,0x0000000100000000)
  to   space 8704K, 0% used [0x00000000fef00000,0x00000000fef00000,0x00000000ff780000)
 ParOldGen       total 786432K, used 8448K [0x00000000c0000000, 0x00000000f0000000, 0x00000000f0000000)
  object space 786432K, 1% used [0x00000000c0000000,0x00000000c08403a8,0x00000000f0000000)
 Metaspace       used 29252K, capacity 29492K, committed 29824K, reserved 1075200K
  class space    used 3365K, capacity 3442K, committed 3456K, reserved 1048576K
}
Event: 51.905 GC heap before
{Heap before GC invocations=14 (full 1):
 PSYoungGen      total 253440K, used 250141K [0x00000000f0000000, 0x0000000100000000, 0x0000000100000000)
  eden space 244736K, 100% used [0x00000000f0000000,0x00000000fef00000,0x00000000fef00000)
  from space 8704K, 62% used [0x00000000ff780000,0x00000000ffcc7658,0x0000000100000000)
  to   space 8704K, 0% used [0x00000000fef00000,0x00000000fef00000,0x00000000ff780000)
 ParOldGen       total 786432K, used 8448K [0x00000000c0000000, 0x00000000f0000000, 0x00000000f0000000)
  object space 786432K, 1% used [0x00000000c0000000,0x00000000c08403a8,0x00000000f0000000)
 Metaspace       used 29296K, capacity 29556K, committed 30080K, reserved 1075200K
  class space    used 3365K, capacity 3442K, committed 3456K, reserved 1048576K
Event: 51.909 GC heap after
Heap after GC invocations=14 (full 1):
 PSYoungGen      total 253440K, used 5362K [0x00000000f0000000, 0x0000000100000000, 0x0000000100000000)
  eden space 244736K, 0% used [0x00000000f0000000,0x00000000f0000000,0x00000000fef00000)
  from space 8704K, 61% used [0x00000000fef00000,0x00000000ff43c8f8,0x00000000ff780000)
  to   space 8192K, 0% used [0x00000000ff800000,0x00000000ff800000,0x0000000100000000)
 ParOldGen       total 786432K, used 8456K [0x00000000c0000000, 0x00000000f0000000, 0x00000000f0000000)
  object space 786432K, 1% used [0x00000000c0000000,0x00000000c08423a8,0x00000000f0000000)
 Metaspace       used 29296K, capacity 29556K, committed 30080K, reserved 1075200K
  class space    used 3365K, capacity 3442K, committed 3456K, reserved 1048576K
}
Event: 53.685 GC heap before
{Heap before GC invocations=15 (full 1):
 PSYoungGen      total 253440K, used 250098K [0x00000000f0000000, 0x0000000100000000, 0x0000000100000000)
  eden space 244736K, 100% used [0x00000000f0000000,0x00000000fef00000,0x00000000fef00000)
  from space 8704K, 61% used [0x00000000fef00000,0x00000000ff43c8f8,0x00000000ff780000)
  to   space 8192K, 0% used [0x00000000ff800000,0x00000000ff800000,0x0000000100000000)
 ParOldGen       total 786432K, used 8456K [0x00000000c0000000, 0x00000000f0000000, 0x00000000f0000000)
  object space 786432K, 1% used [0x00000000c0000000,0x00000000c08423a8,0x00000000f0000000)
 Metaspace       used 29347K, capacity 29556K, committed 30080K, reserved 1075200K
  class space    used 3368K, capacity 3442K, committed 3456K, reserved 1048576K
Event: 53.689 GC heap after
Heap after GC invocations=15 (full 1):
 PSYoungGen      total 253952K, used 5384K [0x00000000f0000000, 0x0000000100000000, 0x0000000100000000)
  eden space 245760K, 0% used [0x00000000f0000000,0x00000000f0000000,0x00000000ff000000)
  from space 8192K, 65% used [0x00000000ff800000,0x00000000ffd423b8,0x0000000100000000)
  to   space 8192K, 0% used [0x00000000ff000000,0x00000000ff000000,0x00000000ff800000)
 ParOldGen       total 786432K, used 8464K [0x00000000c0000000, 0x00000000f0000000, 0x00000000f0000000)
  object space 786432K, 1% used [0x00000000c0000000,0x00000000c08443a8,0x00000000f0000000)
 Metaspace       used 29347K, capacity 29556K, committed 30080K, reserved 1075200K
  class space    used 3368K, capacity 3442K, committed 3456K, reserved 1048576K
}

